#
# There is insufficient memory for the Java Runtime Environment to continue.
# Native memory allocation (mmap) failed to map 117440512 bytes for Failed to commit area from 0x0000000090a00000 to 0x0000000097a00000 of length 117440512.
# Possible reasons:
#   The system is out of physical RAM or swap space
#   The process is running with CompressedOops enabled, and the Java Heap may be blocking the growth of the native heap
# Possible solutions:
#   Reduce memory load on the system
#   Increase physical memory or swap space
#   Check if swap backing store is full
#   Decrease Java heap size (-Xmx/-Xms)
#   Decrease number of Java threads
#   Decrease Java thread stack sizes (-Xss)
#   Set larger code cache with -XX:ReservedCodeCacheSize=
# This output file may be truncated or incomplete.
#
#  Out of Memory Error (./src/hotspot/os/windows/os_windows.cpp:3301), pid=12432, tid=12740
#
# JRE version:  (11.0.10) (build )
# Java VM: OpenJDK 64-Bit Server VM (11.0.10+0-b96-7249189, mixed mode, sharing, tiered, compressed oops, g1 gc, windows-amd64)
# No core dump will be written. Minidumps are not enabled by default on client versions of Windows
#

---------------  S U M M A R Y ------------

Command Line: org.jetbrains.git4idea.http.GitAskPassApp Username for 'https://github.com': 

Host: AMD Ryzen 5 2500U with Radeon Vega Mobile Gfx  , 8 cores, 6G,  Windows 10 , 64 bit Build 19041 (10.0.19041.1348)
Time: Tue Jan  4 19:39:20 2022 Arab Standard Time elapsed time: 0.060847 seconds (0d 0h 0m 0s)

---------------  T H R E A D  ---------------

Current thread (0x0000027425ba1800):  JavaThread "Unknown thread" [_thread_in_vm, id=12740, stack(0x000000df6ba00000,0x000000df6bb00000)]

Stack: [0x000000df6ba00000,0x000000df6bb00000]
Native frames: (J=compiled Java code, j=interpreted, Vv=VM code, C=native code)
V  [jvm.dll+0x5ecfaa]
V  [jvm.dll+0x722bd5]
V  [jvm.dll+0x72412d]
V  [jvm.dll+0x7247e3]
V  [jvm.dll+0x242928]
V  [jvm.dll+0x5ea374]
V  [jvm.dll+0x5df425]
V  [jvm.dll+0x2fdebb]
V  [jvm.dll+0x2fde2a]
V  [jvm.dll+0x2fdd02]
V  [jvm.dll+0x302bf6]
V  [jvm.dll+0x34b2a3]
V  [jvm.dll+0x34b9a6]
V  [jvm.dll+0x34b3a3]
V  [jvm.dll+0x2d8888]
V  [jvm.dll+0x2d9a37]
V  [jvm.dll+0x701737]
V  [jvm.dll+0x702f2c]
V  [jvm.dll+0x3587d9]
V  [jvm.dll+0x6e4fae]
V  [jvm.dll+0x3c0be3]
V  [jvm.dll+0x3c2e91]
C  [jli.dll+0x5373]
C  [ucrtbase.dll+0x21bb2]
C  [KERNEL32.DLL+0x17034]
C  [ntdll.dll+0x52651]


---------------  P R O C E S S  ---------------

Threads class SMR info:
_java_thread_list=0x00000274239b05d0, length=0, elements={
}

Java Threads: ( => current thread )

Other Threads:
  0x0000027425bb8000 GCTaskThread "GC Thread#0" [stack: 0x000000df6bb00000,0x000000df6bc00000] [id=2448]
  0x0000027425be5000 ConcurrentGCThread "G1 Main Marker" [stack: 0x000000df6bc00000,0x000000df6bd00000] [id=1492]
  0x0000027425beb800 ConcurrentGCThread "G1 Conc#0" [stack: 0x000000df6bd00000,0x000000df6be00000] [id=17816]

[error occurred during error reporting (printing all threads), id 0xc0000005, EXCEPTION_ACCESS_VIOLATION (0xc0000005) at pc=0x00007ff8fee19107]

VM state:not at safepoint (not fully initialized)

VM Mutex/Monitor currently owned by a thread:  ([mutex/lock_event])
[0x0000027425b9eb40] Heap_lock - owner thread: 0x0000027425ba1800

Heap address: 0x0000000090a00000, size: 1782 MB, Compressed Oops mode: Non-zero based: 0x0000000090a00000
Narrow klass base: 0x0000000000000000, Narrow klass shift: 0

GC Heap History (0 events):
No events

Deoptimization events (0 events):
No events

Classes redefined (0 events):
No events

Internal exceptions (0 events):
No events

Events (1 events):
Event: 0.047 Loaded shared library C:\Program Files\Android\Android Studio\jre\bin\zip.dll


Dynamic libraries:
0x00007ff744460000 - 0x00007ff74446a000 	C:\Program Files\Android\Android Studio\jre\bin\java.exe
0x00007ff999690000 - 0x00007ff999885000 	C:\Windows\SYSTEM32\ntdll.dll
0x00007ff97fa90000 - 0x00007ff97faa6000 	C:\Program Files\Avast Software\Avast\aswhook.dll
0x00007ff9977a0000 - 0x00007ff99785e000 	C:\Windows\System32\KERNEL32.DLL
0x00007ff997350000 - 0x00007ff997618000 	C:\Windows\System32\KERNELBASE.dll
0x00007ff996e00000 - 0x00007ff996f00000 	C:\Windows\System32\ucrtbase.dll
0x00007ff983a60000 - 0x00007ff983a77000 	C:\Program Files\Android\Android Studio\jre\bin\VCRUNTIME140.dll
0x00007ff983a10000 - 0x00007ff983a29000 	C:\Program Files\Android\Android Studio\jre\bin\jli.dll
0x00007ff9994a0000 - 0x00007ff999641000 	C:\Windows\System32\USER32.dll
0x00007ff996fc0000 - 0x00007ff996fe2000 	C:\Windows\System32\win32u.dll
0x00007ff980500000 - 0x00007ff98079a000 	C:\Windows\WinSxS\amd64_microsoft.windows.common-controls_6595b64144ccf1df_6.0.19041.1110_none_60b5254171f9507e\COMCTL32.dll
0x00007ff998ea0000 - 0x00007ff998ecb000 	C:\Windows\System32\GDI32.dll
0x00007ff998ee0000 - 0x00007ff998f7e000 	C:\Windows\System32\msvcrt.dll
0x00007ff996ff0000 - 0x00007ff9970fd000 	C:\Windows\System32\gdi32full.dll
0x00007ff9972b0000 - 0x00007ff99734d000 	C:\Windows\System32\msvcp_win.dll
0x00007ff9984c0000 - 0x00007ff9984f0000 	C:\Windows\System32\IMM32.DLL
0x00007ff92cf60000 - 0x00007ff92cffd000 	C:\Program Files\Android\Android Studio\jre\bin\msvcp140.dll
0x00007ff8feb30000 - 0x00007ff8ff5ff000 	C:\Program Files\Android\Android Studio\jre\bin\server\jvm.dll
0x00007ff999230000 - 0x00007ff9992dc000 	C:\Windows\System32\ADVAPI32.dll
0x00007ff998e00000 - 0x00007ff998e9b000 	C:\Windows\System32\sechost.dll
0x00007ff998f80000 - 0x00007ff9990aa000 	C:\Windows\System32\RPCRT4.dll
0x00007ff9990d0000 - 0x00007ff9990d8000 	C:\Windows\System32\PSAPI.DLL
0x00007ff974390000 - 0x00007ff974399000 	C:\Windows\SYSTEM32\WSOCK32.dll
0x00007ff998be0000 - 0x00007ff998c4b000 	C:\Windows\System32\WS2_32.dll
0x00007ff98fbb0000 - 0x00007ff98fbba000 	C:\Windows\SYSTEM32\VERSION.dll
0x00007ff98c200000 - 0x00007ff98c227000 	C:\Windows\SYSTEM32\WINMM.dll
0x00007ff994e70000 - 0x00007ff994e82000 	C:\Windows\SYSTEM32\kernel.appcore.dll
0x00007ff992510000 - 0x00007ff992521000 	C:\Program Files\Android\Android Studio\jre\bin\verify.dll
0x00007ff994ad0000 - 0x00007ff994cb4000 	C:\Windows\SYSTEM32\DBGHELP.DLL
0x00007ff977d50000 - 0x00007ff977d7c000 	C:\Windows\SYSTEM32\dbgcore.DLL
0x00007ff996f00000 - 0x00007ff996f82000 	C:\Windows\System32\bcryptPrimitives.dll
0x00007ff991ef0000 - 0x00007ff991f19000 	C:\Program Files\Android\Android Studio\jre\bin\java.dll
0x00007ff9925b0000 - 0x00007ff9925bb000 	C:\Program Files\Android\Android Studio\jre\bin\jimage.dll
0x00007ff9924f0000 - 0x00007ff992508000 	C:\Program Files\Android\Android Studio\jre\bin\zip.dll

dbghelp: loaded successfully - version: 4.0.5 - missing functions: none
symbol engine: initialized successfully - sym options: 0x614 - pdb path: .;C:\Program Files\Android\Android Studio\jre\bin;C:\Windows\SYSTEM32;C:\Program Files\Avast Software\Avast;C:\Windows\WinSxS\amd64_microsoft.windows.common-controls_6595b64144ccf1df_6.0.19041.1110_none_60b5254171f9507e;C:\Program Files\Android\Android Studio\jre\bin\server

VM Arguments:
java_command: org.jetbrains.git4idea.http.GitAskPassApp Username for 'https://github.com': 
java_class_path (initial): C:/Program Files/Android/Android Studio/plugins/git4idea/lib/git4idea-rt.jar;C:/Program Files/Android/Android Studio/lib/xmlrpc-2.0.1.jar;C:/Program Files/Android/Android Studio/lib/commons-codec-1.14.jar
Launcher Type: SUN_STANDARD

[Global flags]
     intx CICompilerCount                          = 4                                         {product} {ergonomic}
     uint ConcGCThreads                            = 2                                         {product} {ergonomic}
     uint G1ConcRefinementThreads                  = 8                                         {product} {ergonomic}
   size_t G1HeapRegionSize                         = 1048576                                   {product} {ergonomic}
    uintx GCDrainStackTargetSize                   = 64                                        {product} {ergonomic}
   size_t InitialHeapSize                          = 117440512                                 {product} {ergonomic}
   size_t MarkStackSize                            = 4194304                                   {product} {ergonomic}
   size_t MaxHeapSize                              = 1868562432                                {product} {ergonomic}
   size_t MinHeapDeltaBytes                        = 1048576                                   {product} {ergonomic}
    uintx NonNMethodCodeHeapSize                   = 5836300                                {pd product} {ergonomic}
    uintx NonProfiledCodeHeapSize                  = 122910970                              {pd product} {ergonomic}
    uintx ProfiledCodeHeapSize                     = 122910970                              {pd product} {ergonomic}
    uintx ReservedCodeCacheSize                    = 251658240                              {pd product} {ergonomic}
     bool SegmentedCodeCache                       = true                                      {product} {ergonomic}
     bool UseCompressedClassPointers               = true                                 {lp64_product} {ergonomic}
     bool UseCompressedOops                        = true                                 {lp64_product} {ergonomic}
     bool UseG1GC                                  = true                                      {product} {ergonomic}
     bool UseLargePagesIndividualAllocation        = false                                  {pd product} {ergonomic}

Logging:
Log output configuration:
 #0: stdout all=warning uptime,level,tags
 #1: stderr all=off uptime,level,tags

Environment Variables:
PATH=C:/Program Files/Git/mingw64/libexec/git-core;C:/Program Files/Git/mingw64/libexec/git-core;C:\Program Files\Git\mingw64\bin;C:\Program Files\Git\usr\bin;C:\Users\ONE\bin;C:\Program Files\Common Files\Oracle\Java\javapath;C:\Program Files (x86)\Common Files\Oracle\Java\javapath;C:\Windows\system32;C:\Windows;C:\Windows\System32\Wbem;C:\Windows\System32\WindowsPowerShell\v1.0\;C:\Windows\System32\OpenSSH\;C:\Program Files\Git\cmd;C:\Users\ONE\AppData\Local\Microsoft\WindowsApps;C:\Users\ONE\AppData\Local\GitHubDesktop\bin;C:\Users\ONE\AppData\Local\gitkraken\bin
USERNAME=ONE
DISPLAY=:0.0
LC_ALL=en_US.UTF-8
OS=Windows_NT
PROCESSOR_IDENTIFIER=AMD64 Family 23 Model 17 Stepping 0, AuthenticAMD



---------------  S Y S T E M  ---------------

OS: Windows 10 , 64 bit Build 19041 (10.0.19041.1348)
OS uptime: 2 days 8:40 hours

CPU:total 8 (initial active 8) (8 cores per cpu, 2 threads per core) family 23 model 17 stepping 0 microcode 0x0, cmov, cx8, fxsr, mmx, sse, sse2, sse3, ssse3, sse4.1, sse4.2, popcnt, avx, avx2, aes, clmul, mmxext, 3dnowpref, lzcnt, sse4a, ht, tsc, tscinvbit, tscinv, bmi1, bmi2, adx, s

Memory: 4k page, system-wide physical 7123M (484M free)
TotalPageFile size 22309M (AvailPageFile size 76M)
current process WorkingSet (physical memory assigned to process): 10M, peak: 10M
current process commit charge ("private bytes"): 60M, peak: 171M

vm_info: OpenJDK 64-Bit Server VM (11.0.10+0-b96-7249189) for windows-amd64 JRE (11.0.10+0-b96-7249189), built on Mar 31 2021 21:44:00 by "builder" with MS VC++ 14.0 (VS2015)

END.
